0 silly argv {
0 silly argv   _: [ 'run' ],
0 silly argv   stream: true,
0 silly argv   lernaVersion: '8.1.9',
0 silly argv   '$0': '/Users/pablodominguez/Documents/programacion/pega/ledge/node_modules/.bin/lerna',
0 silly argv   script: 'lint'
0 silly argv }
1 notice cli v8.1.9
2 verbose packageConfigs Explicit "packages" configuration found in lerna.json. Resolving packages using the configured glob(s): ["packages/*"]
3 verbose rootPath /Users/pablodominguez/Documents/programacion/pega/ledge
4 error MultipleProjectsWithSameNameError: The following projects are defined in multiple locations:
4 error   - nuxt-app:
4 error     - packages/brand-interface
4 error     - packages/landing
4 error
4 error   To fix this, set a unique name for each project in a project.json inside the project's root. If the project does not currently have a project.json, you can create one that contains only a name.
4 error       at validateAndNormalizeProjectRootMap (/Users/pablodominguez/Documents/programacion/pega/ledge/node_modules/nx/src/project-graph/utils/project-configuration-utils.js:453:15)
4 error       at mergeCreateNodesResults (/Users/pablodominguez/Documents/programacion/pega/ledge/node_modules/nx/src/project-graph/utils/project-configuration-utils.js:339:9)
4 error       at /Users/pablodominguez/Documents/programacion/pega/ledge/node_modules/nx/src/project-graph/utils/project-configuration-utils.js:283:85
4 error       at process.processTicksAndRejections (node:internal/process/task_queues:95:5)
4 error       at async buildProjectGraphAndSourceMapsWithoutDaemon (/Users/pablodominguez/Documents/programacion/pega/ledge/node_modules/nx/src/project-graph/project-graph.js:81:31)
4 error       at async createProjectGraphAndSourceMapsAsync (/Users/pablodominguez/Documents/programacion/pega/ledge/node_modules/nx/src/project-graph/project-graph.js:213:25)
4 error       at async createProjectGraphAsync (/Users/pablodominguez/Documents/programacion/pega/ledge/node_modules/nx/src/project-graph/project-graph.js:203:39)
4 error       at async detectProjects (/Users/pablodominguez/Documents/programacion/pega/ledge/node_modules/lerna/dist/index.js:2999:25)
